Using pre-set license
Built from '2020.3/staging' branch; Version is '2020.3.40f1 (ba48d4efcef1) revision 12208340'; Using compiler version '192528614'; Build Type 'Release'
OS: 'Windows 10  (10.0.19045) 64bit CoreSingleLanguage' Language: 'tr' Physical Memory: 16241 MB
BatchMode: 1, IsHumanControllingUs: 0, StartBugReporterOnCrash: 0, Is64bit: 1, IsPro: 0

COMMAND LINE ARGUMENTS:
C:\Program Files\Unity\Hub\Editor\2020.3.40f1\Editor\Unity.exe
-adb2
-batchMode
-noUpm
-name
AssetImportWorker0
-projectPath
C:/Users/Erdem Kaya/Desktop/Unity Projeler/Erdem-Kaya-Rollic-Case-Study
-logFile
Logs/AssetImportWorker0.log
-srvPort
57712
Successfully changed project path to: C:/Users/Erdem Kaya/Desktop/Unity Projeler/Erdem-Kaya-Rollic-Case-Study
C:/Users/Erdem Kaya/Desktop/Unity Projeler/Erdem-Kaya-Rollic-Case-Study
Using Asset Import Pipeline V2.
Refreshing native plugins compatible for Editor in 30.88 ms, found 2 plugins.
Preloading 0 native plugins for Editor in 0.00 ms.
Initialize engine version: 2020.3.40f1 (ba48d4efcef1)
[Subsystems] Discovering subsystems at path C:/Program Files/Unity/Hub/Editor/2020.3.40f1/Editor/Data/Resources/UnitySubsystems
[Subsystems] Discovering subsystems at path C:/Users/Erdem Kaya/Desktop/Unity Projeler/Erdem-Kaya-Rollic-Case-Study/Assets
GfxDevice: creating device client; threaded=0
Direct3D:
    Version:  Direct3D 11.0 [level 11.1]
    Renderer: NVIDIA GeForce GTX 1650 (ID=0x1f91)
    Vendor:   
    VRAM:     3962 MB
    Driver:   31.0.15.1659
Initialize mono
Mono path[0] = 'C:/Program Files/Unity/Hub/Editor/2020.3.40f1/Editor/Data/Managed'
Mono path[1] = 'C:/Program Files/Unity/Hub/Editor/2020.3.40f1/Editor/Data/MonoBleedingEdge/lib/mono/unityjit'
Mono config path = 'C:/Program Files/Unity/Hub/Editor/2020.3.40f1/Editor/Data/MonoBleedingEdge/etc'
Using monoOptions --debugger-agent=transport=dt_socket,embedding=1,server=y,suspend=n,address=127.0.0.1:56128
Begin MonoManager ReloadAssembly
Registering precompiled unity dll's ...
Register platform support module: C:/Program Files/Unity/Hub/Editor/2020.3.40f1/Editor/Data/PlaybackEngines/WindowsStandaloneSupport/UnityEditor.WindowsStandalone.Extensions.dll
Registered in 0.002194 seconds.
Native extension for WindowsStandalone target not found
Refreshing native plugins compatible for Editor in 29.32 ms, found 2 plugins.
Preloading 0 native plugins for Editor in 0.00 ms.
Mono: successfully reloaded assembly
- Completed reload, in  0.551 seconds
Domain Reload Profiling:
	ReloadAssembly (551ms)
		BeginReloadAssembly (68ms)
			ExecutionOrderSort (0ms)
			DisableScriptedObjects (0ms)
			BackupInstance (0ms)
			ReleaseScriptingObjects (0ms)
			CreateAndSetChildDomain (1ms)
		EndReloadAssembly (411ms)
			LoadAssemblies (65ms)
			RebuildTransferFunctionScriptingTraits (0ms)
			SetupTypeCache (136ms)
			ReleaseScriptCaches (0ms)
			RebuildScriptCaches (31ms)
			SetupLoadedEditorAssemblies (149ms)
				LogAssemblyErrors (0ms)
				InitializePlatformSupportModulesInManaged (4ms)
				SetLoadedEditorAssemblies (0ms)
				RefreshPlugins (29ms)
				BeforeProcessingInitializeOnLoad (12ms)
				ProcessInitializeOnLoadAttributes (76ms)
				ProcessInitializeOnLoadMethodAttributes (27ms)
				AfterProcessingInitializeOnLoad (0ms)
				EditorAssembliesLoaded (0ms)
			ExecutionOrderSort2 (0ms)
			AwakeInstancesAfterBackupRestoration (0ms)
Platform modules already initialized, skipping
Registering precompiled user dll's ...
Registered in 0.003213 seconds.
Begin MonoManager ReloadAssembly
Native extension for WindowsStandalone target not found
Refreshing native plugins compatible for Editor in 0.30 ms, found 2 plugins.
Preloading 0 native plugins for Editor in 0.00 ms.
Mono: successfully reloaded assembly
- Completed reload, in  0.906 seconds
Domain Reload Profiling:
	ReloadAssembly (907ms)
		BeginReloadAssembly (147ms)
			ExecutionOrderSort (0ms)
			DisableScriptedObjects (6ms)
			BackupInstance (0ms)
			ReleaseScriptingObjects (0ms)
			CreateAndSetChildDomain (18ms)
		EndReloadAssembly (704ms)
			LoadAssemblies (86ms)
			RebuildTransferFunctionScriptingTraits (0ms)
			SetupTypeCache (243ms)
			ReleaseScriptCaches (0ms)
			RebuildScriptCaches (39ms)
			SetupLoadedEditorAssemblies (265ms)
				LogAssemblyErrors (0ms)
				InitializePlatformSupportModulesInManaged (4ms)
				SetLoadedEditorAssemblies (0ms)
				RefreshPlugins (0ms)
				BeforeProcessingInitializeOnLoad (81ms)
				ProcessInitializeOnLoadAttributes (160ms)
				ProcessInitializeOnLoadMethodAttributes (13ms)
				AfterProcessingInitializeOnLoad (7ms)
				EditorAssembliesLoaded (0ms)
			ExecutionOrderSort2 (0ms)
			AwakeInstancesAfterBackupRestoration (2ms)
Platform modules already initialized, skipping
========================================================================
Worker process is ready to serve import requests
Launched and connected shader compiler UnityShaderCompiler.exe after 0.05 seconds
Refreshing native plugins compatible for Editor in 0.29 ms, found 2 plugins.
Preloading 0 native plugins for Editor in 0.00 ms.
Unloading 1526 Unused Serialized files (Serialized files now loaded: 0)
System memory in use before: 69.2 MB.
System memory in use after: 69.2 MB.

Unloading 17 unused Assets to reduce memory usage. Loaded Objects now: 1962.
Total: 2.339600 ms (FindLiveObjects: 0.103900 ms CreateObjectMapping: 0.038900 ms MarkObjects: 2.127300 ms  DeleteObjects: 0.068500 ms)

AssetImportParameters requested are different than current active one (requested -> active):
  custom:framework-win-MediaFoundation: 216162199b28c13a410421893ffa2e32 -> 
  custom:video-decoder-ogg-theora: a1e56fd34408186e4bbccfd4996cb3dc -> 
  custom:container-muxer-webm: aa71ff27fc2769a1b78a27578f13a17b -> 
  custom:container-demuxer-webm: 4f35f7cbe854078d1ac9338744f61a02 -> 
  custom:container-demuxer-ogg: 62fdf1f143b41e24485cea50d1cbac27 -> 
  custom:video-encoder-webm-vp8: eb34c28f22e8b96e1ab97ce403110664 -> 
  custom:video-decoder-webm-vp8: 9c59270c3fd7afecdb556c50c9e8de78 -> 
  custom:audio-decoder-ogg-vorbis: bf7c407c2cedff20999df2af8eb42d56 -> 
  custom:audio-encoder-webm-vorbis: bf7c407c2cedff20999df2af8eb42d56 -> 
========================================================================
Received Import Request.
  path: Assets
  artifactKey: Guid(00000000000000001000000000000000) Importer(815301076,1909f56bfc062723c751e8b465ee728b)
Start importing Assets using Guid(00000000000000001000000000000000) Importer(815301076,1909f56bfc062723c751e8b465ee728b)  -> (artifact id: '42d402b061de3733987d63b9cc3b64de') in 0.007339 seconds 
========================================================================
Received Import Request.
  Time since last request: 3.163997 seconds.
  path: Assets/Scrşpt
  artifactKey: Guid(0021dceed6d70c1409c91c40b98c4939) Importer(815301076,1909f56bfc062723c751e8b465ee728b)
Start importing Assets/Scrşpt using Guid(0021dceed6d70c1409c91c40b98c4939) Importer(815301076,1909f56bfc062723c751e8b465ee728b)  -> (artifact id: '90da2899c4fa352d180e8f79688245fa') in 0.008050 seconds 
========================================================================
Received Import Request.
  Time since last request: 11.512013 seconds.
  path: Assets/Scripts
  artifactKey: Guid(0471c37cfdbea174c92cfa3554d04987) Importer(815301076,1909f56bfc062723c751e8b465ee728b)
Start importing Assets/Scripts using Guid(0471c37cfdbea174c92cfa3554d04987) Importer(815301076,1909f56bfc062723c751e8b465ee728b)  -> (artifact id: 'c3c4251a709f7a87dc45187f68a8b460') in 0.007242 seconds 
========================================================================
Received Import Request.
  Time since last request: 393.958030 seconds.
  path: Assets/Prefabs
  artifactKey: Guid(f3a8b67599e5a774080e70946f99404b) Importer(815301076,1909f56bfc062723c751e8b465ee728b)
Start importing Assets/Prefabs using Guid(f3a8b67599e5a774080e70946f99404b) Importer(815301076,1909f56bfc062723c751e8b465ee728b)  -> (artifact id: '6bd06a776baab2b9949fb2834e2793b9') in 0.007155 seconds 
========================================================================
Received Import Request.
  Time since last request: 9.519309 seconds.
  path: Assets/New Folder
  artifactKey: Guid(5b3bedab45d3e4b46a348a2a0bb26dcb) Importer(815301076,1909f56bfc062723c751e8b465ee728b)
Start importing Assets/New Folder using Guid(5b3bedab45d3e4b46a348a2a0bb26dcb) Importer(815301076,1909f56bfc062723c751e8b465ee728b)  -> (artifact id: '2d38d6cf2892dd9a1fbaf9ef299e5106') in 0.007328 seconds 
========================================================================
Received Import Request.
  Time since last request: 6.994738 seconds.
  path: Assets/Models
  artifactKey: Guid(5b3bedab45d3e4b46a348a2a0bb26dcb) Importer(815301076,1909f56bfc062723c751e8b465ee728b)
Start importing Assets/Models using Guid(5b3bedab45d3e4b46a348a2a0bb26dcb) Importer(815301076,1909f56bfc062723c751e8b465ee728b)  -> (artifact id: '1b93b4153704ff4db51b0926a91f00c4') in 0.007445 seconds 
========================================================================
Received Import Request.
  Time since last request: 10.214709 seconds.
  path: Assets/Sprites
  artifactKey: Guid(4aa996e3e88dfb846910d3927440accc) Importer(815301076,1909f56bfc062723c751e8b465ee728b)
Start importing Assets/Sprites using Guid(4aa996e3e88dfb846910d3927440accc) Importer(815301076,1909f56bfc062723c751e8b465ee728b)  -> (artifact id: '49c9bd1c5dc65339600cd8c8b2059f66') in 0.006975 seconds 
========================================================================
Received Import Request.
  Time since last request: 409.158208 seconds.
  path: Assets/Scripts/PlayerController.cs
  artifactKey: Guid(a676c3bdcb263ff4397a4c03cab1be38) Importer(815301076,1909f56bfc062723c751e8b465ee728b)
Start importing Assets/Scripts/PlayerController.cs using Guid(a676c3bdcb263ff4397a4c03cab1be38) Importer(815301076,1909f56bfc062723c751e8b465ee728b)  -> (artifact id: 'a7b74c1b05e28a319e7e2cfa656894eb') in 0.042622 seconds 
========================================================================
Received Prepare
Registering precompiled user dll's ...
Registered in 0.002708 seconds.
Begin MonoManager ReloadAssembly
Native extension for WindowsStandalone target not found
Refreshing native plugins compatible for Editor in 0.32 ms, found 2 plugins.
Preloading 0 native plugins for Editor in 0.00 ms.
Mono: successfully reloaded assembly
- Completed reload, in  0.903 seconds
Domain Reload Profiling:
	ReloadAssembly (904ms)
		BeginReloadAssembly (122ms)
			ExecutionOrderSort (0ms)
			DisableScriptedObjects (5ms)
			BackupInstance (0ms)
			ReleaseScriptingObjects (0ms)
			CreateAndSetChildDomain (31ms)
		EndReloadAssembly (706ms)
			LoadAssemblies (96ms)
			RebuildTransferFunctionScriptingTraits (0ms)
			SetupTypeCache (256ms)
			ReleaseScriptCaches (1ms)
			RebuildScriptCaches (36ms)
			SetupLoadedEditorAssemblies (248ms)
				LogAssemblyErrors (0ms)
				InitializePlatformSupportModulesInManaged (5ms)
				SetLoadedEditorAssemblies (0ms)
				RefreshPlugins (0ms)
				BeforeProcessingInitializeOnLoad (77ms)
				ProcessInitializeOnLoadAttributes (147ms)
				ProcessInitializeOnLoadMethodAttributes (12ms)
				AfterProcessingInitializeOnLoad (7ms)
				EditorAssembliesLoaded (0ms)
			ExecutionOrderSort2 (0ms)
			AwakeInstancesAfterBackupRestoration (2ms)
Platform modules already initialized, skipping
Refreshing native plugins compatible for Editor in 0.30 ms, found 2 plugins.
Preloading 0 native plugins for Editor in 0.00 ms.
Unloading 1522 Unused Serialized files (Serialized files now loaded: 0)
System memory in use before: 69.2 MB.
System memory in use after: 69.2 MB.

Unloading 12 unused Assets to reduce memory usage. Loaded Objects now: 1966.
Total: 2.278500 ms (FindLiveObjects: 0.102800 ms CreateObjectMapping: 0.040300 ms MarkObjects: 2.092000 ms  DeleteObjects: 0.042900 ms)

AssetImportParameters requested are different than current active one (requested -> active):
  custom:framework-win-MediaFoundation: 216162199b28c13a410421893ffa2e32 -> 
  custom:video-decoder-ogg-theora: a1e56fd34408186e4bbccfd4996cb3dc -> 
  custom:container-muxer-webm: aa71ff27fc2769a1b78a27578f13a17b -> 
  custom:container-demuxer-webm: 4f35f7cbe854078d1ac9338744f61a02 -> 
  custom:container-demuxer-ogg: 62fdf1f143b41e24485cea50d1cbac27 -> 
  custom:video-encoder-webm-vp8: eb34c28f22e8b96e1ab97ce403110664 -> 
  custom:video-decoder-webm-vp8: 9c59270c3fd7afecdb556c50c9e8de78 -> 
  custom:audio-decoder-ogg-vorbis: bf7c407c2cedff20999df2af8eb42d56 -> 
  custom:audio-encoder-webm-vorbis: bf7c407c2cedff20999df2af8eb42d56 -> 
========================================================================
Received Import Request.
  Time since last request: 177.959326 seconds.
  path: Assets/Materials
  artifactKey: Guid(9735a18269d2eb3439c4c22e87b16f96) Importer(815301076,1909f56bfc062723c751e8b465ee728b)
Start importing Assets/Materials using Guid(9735a18269d2eb3439c4c22e87b16f96) Importer(815301076,1909f56bfc062723c751e8b465ee728b)  -> (artifact id: '03f86411b0adad932f009762548fc0b6') in 0.009791 seconds 
========================================================================
Received Import Request.
  Time since last request: 181.697825 seconds.
  path: Assets/Materials/FloorMat.mat
  artifactKey: Guid(09cb804e7a28c504da9dca0a25463006) Importer(815301076,1909f56bfc062723c751e8b465ee728b)
Start importing Assets/Materials/FloorMat.mat using Guid(09cb804e7a28c504da9dca0a25463006) Importer(815301076,1909f56bfc062723c751e8b465ee728b)  -> (artifact id: 'f42898bd3c024559369af2f265acafda') in 0.099163 seconds 
========================================================================
Received Import Request.
  Time since last request: 66.263260 seconds.
  path: Assets/Materials/FloorMat.mat
  artifactKey: Guid(09cb804e7a28c504da9dca0a25463006) Importer(815301076,1909f56bfc062723c751e8b465ee728b)
Start importing Assets/Materials/FloorMat.mat using Guid(09cb804e7a28c504da9dca0a25463006) Importer(815301076,1909f56bfc062723c751e8b465ee728b)  -> (artifact id: 'a6253ba32972946e754d2ba1cb1dde14') in 0.014394 seconds 
========================================================================
Received Import Request.
  Time since last request: 7002.118261 seconds.
  path: Assets/Models/Picker.fbx
  artifactKey: Guid(e4df17a153634c949bd52f443ceed5d6) Importer(815301076,1909f56bfc062723c751e8b465ee728b)
Start importing Assets/Models/Picker.fbx using Guid(e4df17a153634c949bd52f443ceed5d6) Importer(815301076,1909f56bfc062723c751e8b465ee728b)  -> (artifact id: '2f2e456bdfbc37522725cfeb08b4db40') in 0.107874 seconds 
AssetImportWorkerClient::OnTransportError - code=2 error=End of file
